<?xml version="1.0" encoding="UTF-8"?>
<!-- Generated by org.testng.reporters.JUnitReportReporter -->
<testsuite hostname="DESKTOP-BOS5N1B" failures="0" tests="1" name="com.automation.tests.scripts.SalesforceAutomationScript" time="26.851" errors="0" timestamp="2023-11-28T23:43:42 CST" skipped="0">
  <testcase classname="com.automation.tests.scripts.SalesforceAutomationScript" name="LoginToSalesforce" time="26.851"/>
  <system-out/>
</testsuite> <!-- com.automation.tests.scripts.SalesforceAutomationScript -->
